[17:16:53.387] [INFO] storybook v10.4.1
[17:16:53.787] [DEBUG] Getting package.json info for /home/lukasz/dev/elemix/packages/compiler/package.json...
[17:16:53.815] [ERROR] [38;2;241;97;97mSB_CORE-SERVER_0002 (CriticalPresetLoadError): Storybook failed to load the following preset: @storybook/web-components-vite/preset.

Please check whether your setup is correct, the Storybook dependencies (and their peer dependencies) are installed correctly and there are no package version clashes.

If you believe this is a bug, please open an issue on Github.

Error [ERR_MODULE_NOT_FOUND]: Cannot find package '@storybook/web-components-vite' imported from /home/lukasz/dev/elemix/node_modules/.pnpm/storybook@10.4.1_@testing-library+dom@10.4.1_@types+react@19.2.17_prettier@2.8.8_react-_681c34af884c4faf13dfd4aec1c3087a/node_modules/storybook/dist/_node-chunks/chunk-UHVMRW65.js
    at Object.getPackageJSONURL (node:internal/modules/package_json_reader:301:9)
    at packageResolve (node:internal/modules/esm/resolve:768:81)
    at moduleResolve (node:internal/modules/esm/resolve:859:18)
    at defaultResolve (node:internal/modules/esm/resolve:992:11)
    at nextResolve (node:internal/modules/esm/hooks:785:28)
    at AsyncLoaderHooksOnLoaderHookWorker.resolve (node:internal/modules/esm/hooks:269:30)
    at MessagePort.handleMessage (node:internal/modules/esm/worker:251:24)
    at [nodejs.internal.kHybridDispatch] (node:internal/event_target:843:20)
    at MessagePort.<anonymous> (node:internal/per_context/messageport:23:28)

More info: 
[39m
    at loadPreset (file:///home/lukasz/dev/elemix/node_modules/.pnpm/storybook@10.4.1_@testing-library+dom@10.4.1_@types+react@19.2.17_prettier@2.8.8_react-_681c34af884c4faf13dfd4aec1c3087a/node_modules/storybook/dist/_node-chunks/chunk-PNYLLFX3.js:9157:13)
    at async Promise.all (index 0)
    at async loadPresets (file:///home/lukasz/dev/elemix/node_modules/.pnpm/storybook@10.4.1_@testing-library+dom@10.4.1_@types+react@19.2.17_prettier@2.8.8_react-_681c34af884c4faf13dfd4aec1c3087a/node_modules/storybook/dist/_node-chunks/chunk-PNYLLFX3.js:9166:73)
    at async getPresets (file:///home/lukasz/dev/elemix/node_modules/.pnpm/storybook@10.4.1_@testing-library+dom@10.4.1_@types+react@19.2.17_prettier@2.8.8_react-_681c34af884c4faf13dfd4aec1c3087a/node_modules/storybook/dist/_node-chunks/chunk-PNYLLFX3.js:9197:23)
    at async buildDevStandalone (file:///home/lukasz/dev/elemix/node_modules/.pnpm/storybook@10.4.1_@testing-library+dom@10.4.1_@types+react@19.2.17_prettier@2.8.8_react-_681c34af884c4faf13dfd4aec1c3087a/node_modules/storybook/dist/core-server/index.js:19412:52)
    at async withTelemetry (file:///home/lukasz/dev/elemix/node_modules/.pnpm/storybook@10.4.1_@testing-library+dom@10.4.1_@types+react@19.2.17_prettier@2.8.8_react-_681c34af884c4faf13dfd4aec1c3087a/node_modules/storybook/dist/_node-chunks/chunk-CUZMMOHY.js:655:12)
    at async dev (file:///home/lukasz/dev/elemix/node_modules/.pnpm/storybook@10.4.1_@testing-library+dom@10.4.1_@types+react@19.2.17_prettier@2.8.8_react-_681c34af884c4faf13dfd4aec1c3087a/node_modules/storybook/dist/bin/core.js:2736:3)
    at async _Command.<anonymous> (file:///home/lukasz/dev/elemix/node_modules/.pnpm/storybook@10.4.1_@testing-library+dom@10.4.1_@types+react@19.2.17_prettier@2.8.8_react-_681c34af884c4faf13dfd4aec1c3087a/node_modules/storybook/dist/bin/core.js:2806:92)
[17:16:53.818] [WARN] Broken build, fix the error above.
You may need to refresh the browser.